Examen1/app/build/intermediates/manifest_merge_blame_file/debug/manifest-merger-blame-debug-report.txt
1<?xml version="1.0" encoding="utf-8"?>
2<manifest xmlns:android="http://schemas.android.com/apk/res/android"
3    package="com.example.recetario"
4    android:versionCode="1"
5    android:versionName="1.0" >
6
7    <uses-sdk
8        android:minSdkVersion="21"
8-->src\main\AndroidManifest.xml
9        android:targetSdkVersion="32" />
9-->src\main\AndroidManifest.xml
10
11    <permission
11-->[androidx.core:core:1.9.0] AndroidManifest.xml:22:5-24:47
12        android:name="com.example.recetario.DYNAMIC_RECEIVER_NOT_EXPORTED_PERMISSION"
12-->[androidx.core:core:1.9.0] AndroidManifest.xml:23:9-81
13        android:protectionLevel="signature" />
13-->[androidx.core:core:1.9.0] AndroidManifest.xml:24:9-44
14
15    <uses-permission android:name="com.example.recetario.DYNAMIC_RECEIVER_NOT_EXPORTED_PERMISSION" />
15-->[androidx.core:core:1.9.0] AndroidManifest.xml:26:5-97
15-->[androidx.core:core:1.9.0] AndroidManifest.xml:26:22-94
16
17    <application
17-->src\main\AndroidManifest.xml:5:5-58:19
18        android:allowBackup="true"
18-->src\main\AndroidManifest.xml:6:9-35
19        android:appComponentFactory="androidx.core.app.CoreComponentFactory"
19-->[androidx.core:core:1.9.0] AndroidManifest.xml:28:18-86
20        android:dataExtractionRules="@xml/data_extraction_rules"
20-->src\main\AndroidManifest.xml:7:9-65
21        android:debuggable="true"
22        android:fullBackupContent="@xml/backup_rules"
22-->src\main\AndroidManifest.xml:8:9-54
23        android:icon="@mipmap/ic_launcher"
23-->src\main\AndroidManifest.xml:9:9-43
24        android:label="@string/app_name"
24-->src\main\AndroidManifest.xml:10:9-41
25        android:roundIcon="@mipmap/ic_launcher_round"
25-->src\main\AndroidManifest.xml:11:9-54
26        android:supportsRtl="true"
26-->src\main\AndroidManifest.xml:12:9-35
27        android:testOnly="true"
28        android:theme="@style/Theme.Recetario" >
28-->src\main\AndroidManifest.xml:13:9-47
29        <activity
29-->src\main\AndroidManifest.xml:15:9-17:40
30            android:name="com.example.recetario.editar_cocteles"
30-->src\main\AndroidManifest.xml:16:13-44
31            android:exported="false" />
31-->src\main\AndroidManifest.xml:17:13-37
32        <activity
32-->src\main\AndroidManifest.xml:18:9-20:40
33            android:name="com.example.recetario.editar_bar"
33-->src\main\AndroidManifest.xml:19:13-39
34            android:exported="false" />
34-->src\main\AndroidManifest.xml:20:13-37
35        <activity
35-->src\main\AndroidManifest.xml:21:9-23:40
36            android:name="com.example.recetario.ingreso_bares"
36-->src\main\AndroidManifest.xml:22:13-42
37            android:exported="false" />
37-->src\main\AndroidManifest.xml:23:13-37
38        <activity
38-->src\main\AndroidManifest.xml:24:9-30:20
39            android:name="com.example.recetario.IngresoCocteles"
39-->src\main\AndroidManifest.xml:25:13-44
40            android:exported="false" >
40-->src\main\AndroidManifest.xml:26:13-37
41            <meta-data
41-->src\main\AndroidManifest.xml:27:13-29:36
42                android:name="android.app.lib_name"
42-->src\main\AndroidManifest.xml:28:17-52
43                android:value="" />
43-->src\main\AndroidManifest.xml:29:17-33
44        </activity>
45        <activity
45-->src\main\AndroidManifest.xml:31:9-37:20
46            android:name="com.example.recetario.Bares"
46-->src\main\AndroidManifest.xml:32:13-34
47            android:exported="false" >
47-->src\main\AndroidManifest.xml:33:13-37
48            <meta-data
48-->src\main\AndroidManifest.xml:27:13-29:36
49                android:name="android.app.lib_name"
49-->src\main\AndroidManifest.xml:28:17-52
50                android:value="" />
50-->src\main\AndroidManifest.xml:29:17-33
51        </activity>
52        <activity
52-->src\main\AndroidManifest.xml:38:9-44:20
53            android:name="com.example.recetario.Cocteles"
53-->src\main\AndroidManifest.xml:39:13-37
54            android:exported="false" >
54-->src\main\AndroidManifest.xml:40:13-37
55            <meta-data
55-->src\main\AndroidManifest.xml:27:13-29:36
56                android:name="android.app.lib_name"
56-->src\main\AndroidManifest.xml:28:17-52
57                android:value="" />
57-->src\main\AndroidManifest.xml:29:17-33
58        </activity>
59        <activity
59-->src\main\AndroidManifest.xml:45:9-57:20
60            android:name="com.example.recetario.MainActivity"
60-->src\main\AndroidManifest.xml:46:13-41
61            android:exported="true" >
61-->src\main\AndroidManifest.xml:47:13-36
62            <intent-filter>
62-->src\main\AndroidManifest.xml:48:13-52:29
63                <action android:name="android.intent.action.MAIN" />
63-->src\main\AndroidManifest.xml:49:17-69
63-->src\main\AndroidManifest.xml:49:25-66
64
65                <category android:name="android.intent.category.LAUNCHER" />
65-->src\main\AndroidManifest.xml:51:17-77
65-->src\main\AndroidManifest.xml:51:27-74
66            </intent-filter>
67
68            <meta-data
68-->src\main\AndroidManifest.xml:27:13-29:36
69                android:name="android.app.lib_name"
69-->src\main\AndroidManifest.xml:28:17-52
70                android:value="" />
70-->src\main\AndroidManifest.xml:29:17-33
71        </activity>
72        <activity
72-->[androidx.compose.ui:ui-tooling:1.3.0] AndroidManifest.xml:23:9-25:39
73            android:name="androidx.compose.ui.tooling.PreviewActivity"
73-->[androidx.compose.ui:ui-tooling:1.3.0] AndroidManifest.xml:24:13-71
74            android:exported="true" />
74-->[androidx.compose.ui:ui-tooling:1.3.0] AndroidManifest.xml:25:13-36
75        <activity
75-->[androidx.compose.ui:ui-test-manifest:1.3.0] AndroidManifest.xml:23:9-25:39
76            android:name="androidx.activity.ComponentActivity"
76-->[androidx.compose.ui:ui-test-manifest:1.3.0] AndroidManifest.xml:24:13-63
77            android:exported="true" />
77-->[androidx.compose.ui:ui-test-manifest:1.3.0] AndroidManifest.xml:25:13-36
78
79        <provider
79-->[androidx.emoji2:emoji2:1.2.0] AndroidManifest.xml:24:9-32:20
80            android:name="androidx.startup.InitializationProvider"
80-->[androidx.emoji2:emoji2:1.2.0] AndroidManifest.xml:25:13-67
81            android:authorities="com.example.recetario.androidx-startup"
81-->[androidx.emoji2:emoji2:1.2.0] AndroidManifest.xml:26:13-68
82            android:exported="false" >
82-->[androidx.emoji2:emoji2:1.2.0] AndroidManifest.xml:27:13-37
83            <meta-data
83-->[androidx.emoji2:emoji2:1.2.0] AndroidManifest.xml:29:13-31:52
84                android:name="androidx.emoji2.text.EmojiCompatInitializer"
84-->[androidx.emoji2:emoji2:1.2.0] AndroidManifest.xml:30:17-75
85                android:value="androidx.startup" />
85-->[androidx.emoji2:emoji2:1.2.0] AndroidManifest.xml:31:17-49
86            <meta-data
86-->[androidx.lifecycle:lifecycle-process:2.4.1] AndroidManifest.xml:31:13-33:52
87                android:name="androidx.lifecycle.ProcessLifecycleInitializer"
87-->[androidx.lifecycle:lifecycle-process:2.4.1] AndroidManifest.xml:32:17-78
88                android:value="androidx.startup" />
88-->[androidx.lifecycle:lifecycle-process:2.4.1] AndroidManifest.xml:33:17-49
89            <meta-data
89-->[androidx.profileinstaller:profileinstaller:1.2.0] AndroidManifest.xml:30:13-32:52
90                android:name="androidx.profileinstaller.ProfileInstallerInitializer"
90-->[androidx.profileinstaller:profileinstaller:1.2.0] AndroidManifest.xml:31:17-85
91                android:value="androidx.startup" />
91-->[androidx.profileinstaller:profileinstaller:1.2.0] AndroidManifest.xml:32:17-49
92        </provider>
93
94        <receiver
94-->[androidx.profileinstaller:profileinstaller:1.2.0] AndroidManifest.xml:35:9-47:20
95            android:name="androidx.profileinstaller.ProfileInstallReceiver"
95-->[androidx.profileinstaller:profileinstaller:1.2.0] AndroidManifest.xml:36:13-76
96            android:directBootAware="false"
96-->[androidx.profileinstaller:profileinstaller:1.2.0] AndroidManifest.xml:37:13-44
97            android:enabled="true"
97-->[androidx.profileinstaller:profileinstaller:1.2.0] AndroidManifest.xml:38:13-35
98            android:exported="true"
98-->[androidx.profileinstaller:profileinstaller:1.2.0] AndroidManifest.xml:39:13-36
99            android:permission="android.permission.DUMP" >
99-->[androidx.profileinstaller:profileinstaller:1.2.0] AndroidManifest.xml:40:13-57
100            <intent-filter>
100-->[androidx.profileinstaller:profileinstaller:1.2.0] AndroidManifest.xml:41:13-43:29
101                <action android:name="androidx.profileinstaller.action.INSTALL_PROFILE" />
101-->[androidx.profileinstaller:profileinstaller:1.2.0] AndroidManifest.xml:42:17-91
101-->[androidx.profileinstaller:profileinstaller:1.2.0] AndroidManifest.xml:42:25-88
102            </intent-filter>
103            <intent-filter>
103-->[androidx.profileinstaller:profileinstaller:1.2.0] AndroidManifest.xml:44:13-46:29
104                <action android:name="androidx.profileinstaller.action.SKIP_FILE" />
104-->[androidx.profileinstaller:profileinstaller:1.2.0] AndroidManifest.xml:45:17-85
104-->[androidx.profileinstaller:profileinstaller:1.2.0] AndroidManifest.xml:45:25-82
105            </intent-filter>
106        </receiver>
107    </application>
108
109</manifest>